<?xml version="1.0" encoding="UTF-8"?>
<!-- Generated by org.testng.reporters.JUnitReportReporter -->
<testsuite hostname="DESKTOP-L3R1A1J" name="com.mycompanyTest.TestProject.TestDemo" tests="4" failures="0" timestamp="31 Dec 2021 07:04:17 GMT" time="0.039" errors="0">
  <testcase name="test1" time="0.028" classname="com.mycompanyTest.TestProject.TestDemo"/>
  <testcase name="test2" time="0.007" classname="com.mycompanyTest.TestProject.TestDemo"/>
  <testcase name="test3" time="0.002" classname="com.mycompanyTest.TestProject.TestDemo"/>
  <testcase name="test4" time="0.002" classname="com.mycompanyTest.TestProject.TestDemo"/>
</testsuite> <!-- com.mycompanyTest.TestProject.TestDemo -->
