<?xml version="1.0" encoding="UTF-8"?>
<!-- Generated by org.testng.reporters.JUnitReportReporter -->
<testsuite hostname="DESKTOP-L3R1A1J" name="com.wv.restassured.JiraAutomationDemo" tests="1" failures="0" timestamp="29 Dec 2021 06:36:44 GMT" time="2.563" errors="0">
  <testcase name="login" time="2.563" classname="com.wv.restassured.JiraAutomationDemo"/>
</testsuite> <!-- com.wv.restassured.JiraAutomationDemo -->
