<?xml version="1.0" encoding="UTF-8"?>
<!-- Generated by org.testng.reporters.JUnitReportReporter -->
<testsuite hostname="DESKTOP-L3R1A1J" name="com.wv.restassured.BookApiDemo" tests="3" failures="0" timestamp="28 Dec 2021 15:19:53 GMT" time="3.716" errors="0">
  <testcase name="test_addBook" time="3.464" classname="com.wv.restassured.BookApiDemo"/>
  <testcase name="test_addBook" time="0.137" classname="com.wv.restassured.BookApiDemo"/>
  <testcase name="test_addBook" time="0.115" classname="com.wv.restassured.BookApiDemo"/>
</testsuite> <!-- com.wv.restassured.BookApiDemo -->
