<?xml version="1.0" encoding="UTF-8"?>
<!-- Generated by org.testng.reporters.JUnitReportReporter -->
<testsuite hostname="DESKTOP-L3R1A1J" name="com.mycompany.SeleniumProject.AppTest" tests="2" failures="0" timestamp="23 Dec 2021 16:04:44 GMT" time="4.553" errors="0">
  <testcase name="test2" time="0.929" classname="com.mycompany.SeleniumProject.AppTest"/>
  <testcase name="test1" time="3.624" classname="com.mycompany.SeleniumProject.AppTest"/>
</testsuite> <!-- com.mycompany.SeleniumProject.AppTest -->
